{"C:\\Users\\anupo\\.gemini\\antigravity\\scratch\\carbon-assistant\\src\\counter.js": {"path":"C:\\Users\\anupo\\.gemini\\antigravity\\scratch\\carbon-assistant\\src\\counter.js","statementMap":{"0":{"start":{"line":2,"column":16},"end":{"line":2,"column":null}},"1":{"start":{"line":3,"column":21},"end":{"line":6,"column":null}},"2":{"start":{"line":4,"column":4},"end":{"line":4,"column":null}},"3":{"start":{"line":5,"column":4},"end":{"line":5,"column":null}},"4":{"start":{"line":7,"column":2},"end":{"line":7,"column":null}},"5":{"start":{"line":7,"column":42},"end":{"line":7,"column":65}},"6":{"start":{"line":8,"column":2},"end":{"line":8,"column":null}}},"fnMap":{"0":{"name":"setupCounter","decl":{"start":{"line":1,"column":16},"end":{"line":1,"column":28}},"loc":{"start":{"line":1,"column":38},"end":{"line":9,"column":null}},"line":1},"1":{"name":"(anonymous_1)","decl":{"start":{"line":3,"column":21},"end":{"line":3,"column":22}},"loc":{"start":{"line":3,"column":32},"end":{"line":6,"column":null}},"line":3},"2":{"name":"(anonymous_2)","decl":{"start":{"line":7,"column":36},"end":{"line":7,"column":37}},"loc":{"start":{"line":7,"column":42},"end":{"line":7,"column":65}},"line":7}},"branchMap":{},"s":{"0":0,"1":0,"2":0,"3":0,"4":0,"5":0,"6":0},"f":{"0":0,"1":0,"2":0},"b":{},"meta":{"lastBranch":0,"lastFunction":3,"lastStatement":7,"seen":{"f:1:16:1:28":0,"s:2:16:2:Infinity":0,"s:3:21:6:Infinity":1,"f:3:21:3:22":1,"s:4:4:4:Infinity":2,"s:5:4:5:Infinity":3,"s:7:2:7:Infinity":4,"f:7:36:7:37":2,"s:7:42:7:65":5,"s:8:2:8:Infinity":6},"fnNames":{}}}
,"C:\\Users\\anupo\\.gemini\\antigravity\\scratch\\carbon-assistant\\src\\main.js": {"path":"C:\\Users\\anupo\\.gemini\\antigravity\\scratch\\carbon-assistant\\src\\main.js","statementMap":{"0":{"start":{"line":7,"column":0},"end":{"line":58,"column":null}},"1":{"start":{"line":60,"column":0},"end":{"line":60,"column":null}}},"fnMap":{},"branchMap":{},"s":{"0":0,"1":0},"f":{},"b":{},"meta":{"lastBranch":0,"lastFunction":0,"lastStatement":2,"seen":{"s:7:0:58:Infinity":0,"s:60:0:60:Infinity":1},"fnNames":{}}}
,"C:\\Users\\anupo\\.gemini\\antigravity\\scratch\\carbon-assistant\\src\\logic\\calculator.js": {"path":"C:\\Users\\anupo\\.gemini\\antigravity\\scratch\\carbon-assistant\\src\\logic\\calculator.js","statementMap":{"0":{"start":{"line":6,"column":32},"end":{"line":20,"column":1}},"1":{"start":{"line":28,"column":17},"end":{"line":28,"column":34}},"2":{"start":{"line":29,"column":2},"end":{"line":29,"column":null}},"3":{"start":{"line":29,"column":35},"end":{"line":29,"column":null}},"4":{"start":{"line":31,"column":2},"end":{"line":31,"column":35}},"5":{"start":{"line":31,"column":22},"end":{"line":31,"column":35}},"6":{"start":{"line":32,"column":2},"end":{"line":32,"column":null}},"7":{"start":{"line":45,"column":28},"end":{"line":45,"column":107}},"8":{"start":{"line":46,"column":23},"end":{"line":46,"column":91}},"9":{"start":{"line":48,"column":19},"end":{"line":48,"column":48}},"10":{"start":{"line":49,"column":21},"end":{"line":49,"column":48}},"11":{"start":{"line":51,"column":20},"end":{"line":51,"column":76}},"12":{"start":{"line":52,"column":15},"end":{"line":52,"column":50}},"13":{"start":{"line":53,"column":17},"end":{"line":53,"column":53}},"14":{"start":{"line":55,"column":2},"end":{"line":60,"column":null}}},"fnMap":{"0":{"name":"sanitizeNumber","decl":{"start":{"line":27,"column":16},"end":{"line":27,"column":30}},"loc":{"start":{"line":27,"column":38},"end":{"line":33,"column":null}},"line":27},"1":{"name":"calculateEmissions","decl":{"start":{"line":43,"column":16},"end":{"line":43,"column":34}},"loc":{"start":{"line":43,"column":88},"end":{"line":61,"column":null}},"line":43}},"branchMap":{"0":{"loc":{"start":{"line":29,"column":2},"end":{"line":29,"column":null}},"type":"if","locations":[{"start":{"line":29,"column":2},"end":{"line":29,"column":null}},{"start":{},"end":{}}],"line":29},"1":{"loc":{"start":{"line":29,"column":6},"end":{"line":29,"column":33}},"type":"binary-expr","locations":[{"start":{"line":29,"column":6},"end":{"line":29,"column":19}},{"start":{"line":29,"column":23},"end":{"line":29,"column":33}}],"line":29},"2":{"loc":{"start":{"line":31,"column":2},"end":{"line":31,"column":35}},"type":"if","locations":[{"start":{"line":31,"column":2},"end":{"line":31,"column":35}},{"start":{},"end":{}}],"line":31},"3":{"loc":{"start":{"line":45,"column":28},"end":{"line":45,"column":107}},"type":"cond-expr","locations":[{"start":{"line":45,"column":86},"end":{"line":45,"column":99}},{"start":{"line":45,"column":102},"end":{"line":45,"column":107}}],"line":45},"4":{"loc":{"start":{"line":46,"column":23},"end":{"line":46,"column":91}},"type":"cond-expr","locations":[{"start":{"line":46,"column":71},"end":{"line":46,"column":79}},{"start":{"line":46,"column":82},"end":{"line":46,"column":91}}],"line":46}},"s":{"0":2,"1":15,"2":15,"3":6,"4":9,"5":1,"6":8,"7":4,"8":4,"9":4,"10":4,"11":4,"12":4,"13":4,"14":4},"f":{"0":15,"1":4},"b":{"0":[6,9],"1":[15,11],"2":[1,8],"3":[3,1],"4":[3,1]},"meta":{"lastBranch":5,"lastFunction":2,"lastStatement":15,"seen":{"s:6:32:20:1":0,"f:27:16:27:30":0,"s:28:17:28:34":1,"b:29:2:29:Infinity:undefined:undefined:undefined:undefined":0,"s:29:2:29:Infinity":2,"b:29:6:29:19:29:23:29:33":1,"s:29:35:29:Infinity":3,"b:31:2:31:35:undefined:undefined:undefined:undefined":2,"s:31:2:31:35":4,"s:31:22:31:35":5,"s:32:2:32:Infinity":6,"f:43:16:43:34":1,"s:45:28:45:107":7,"b:45:86:45:99:45:102:45:107":3,"s:46:23:46:91":8,"b:46:71:46:79:46:82:46:91":4,"s:48:19:48:48":9,"s:49:21:49:48":10,"s:51:20:51:76":11,"s:52:15:52:50":12,"s:53:17:53:53":13,"s:55:2:60:Infinity":14},"fnNames":{}}}
,"C:\\Users\\anupo\\.gemini\\antigravity\\scratch\\carbon-assistant\\src\\logic\\insights.js": {"path":"C:\\Users\\anupo\\.gemini\\antigravity\\scratch\\carbon-assistant\\src\\logic\\insights.js","statementMap":{"0":{"start":{"line":8,"column":2},"end":{"line":10,"column":null}},"1":{"start":{"line":9,"column":4},"end":{"line":9,"column":null}},"2":{"start":{"line":12,"column":19},"end":{"line":12,"column":21}},"3":{"start":{"line":15,"column":2},"end":{"line":19,"column":null}},"4":{"start":{"line":16,"column":4},"end":{"line":16,"column":null}},"5":{"start":{"line":17,"column":9},"end":{"line":19,"column":null}},"6":{"start":{"line":18,"column":4},"end":{"line":18,"column":null}},"7":{"start":{"line":22,"column":2},"end":{"line":26,"column":null}},"8":{"start":{"line":23,"column":4},"end":{"line":23,"column":null}},"9":{"start":{"line":24,"column":9},"end":{"line":26,"column":null}},"10":{"start":{"line":25,"column":4},"end":{"line":25,"column":null}},"11":{"start":{"line":29,"column":2},"end":{"line":31,"column":null}},"12":{"start":{"line":30,"column":4},"end":{"line":30,"column":null}},"13":{"start":{"line":34,"column":2},"end":{"line":36,"column":null}},"14":{"start":{"line":35,"column":4},"end":{"line":35,"column":null}},"15":{"start":{"line":39,"column":2},"end":{"line":47,"column":null}},"16":{"start":{"line":40,"column":27},"end":{"line":40,"column":54}},"17":{"start":{"line":41,"column":4},"end":{"line":46,"column":null}},"18":{"start":{"line":42,"column":19},"end":{"line":42,"column":72}},"19":{"start":{"line":43,"column":6},"end":{"line":43,"column":null}},"20":{"start":{"line":44,"column":11},"end":{"line":46,"column":null}},"21":{"start":{"line":45,"column":6},"end":{"line":45,"column":null}},"22":{"start":{"line":49,"column":2},"end":{"line":51,"column":null}},"23":{"start":{"line":50,"column":4},"end":{"line":50,"column":null}},"24":{"start":{"line":53,"column":2},"end":{"line":53,"column":null}}},"fnMap":{"0":{"name":"generateInsights","decl":{"start":{"line":7,"column":16},"end":{"line":7,"column":32}},"loc":{"start":{"line":7,"column":60},"end":{"line":54,"column":null}},"line":7}},"branchMap":{"0":{"loc":{"start":{"line":7,"column":46},"end":{"line":7,"column":58}},"type":"default-arg","locations":[{"start":{"line":7,"column":56},"end":{"line":7,"column":58}}],"line":7},"1":{"loc":{"start":{"line":8,"column":2},"end":{"line":10,"column":null}},"type":"if","locations":[{"start":{"line":8,"column":2},"end":{"line":10,"column":null}},{"start":{},"end":{}}],"line":8},"2":{"loc":{"start":{"line":8,"column":6},"end":{"line":8,"column":59}},"type":"binary-expr","locations":[{"start":{"line":8,"column":6},"end":{"line":8,"column":18}},{"start":{"line":8,"column":22},"end":{"line":8,"column":59}}],"line":8},"3":{"loc":{"start":{"line":15,"column":2},"end":{"line":19,"column":null}},"type":"if","locations":[{"start":{"line":15,"column":2},"end":{"line":19,"column":null}},{"start":{"line":17,"column":9},"end":{"line":19,"column":null}}],"line":15},"4":{"loc":{"start":{"line":17,"column":9},"end":{"line":19,"column":null}},"type":"if","locations":[{"start":{"line":17,"column":9},"end":{"line":19,"column":null}},{"start":{},"end":{}}],"line":17},"5":{"loc":{"start":{"line":22,"column":2},"end":{"line":26,"column":null}},"type":"if","locations":[{"start":{"line":22,"column":2},"end":{"line":26,"column":null}},{"start":{"line":24,"column":9},"end":{"line":26,"column":null}}],"line":22},"6":{"loc":{"start":{"line":24,"column":9},"end":{"line":26,"column":null}},"type":"if","locations":[{"start":{"line":24,"column":9},"end":{"line":26,"column":null}},{"start":{},"end":{}}],"line":24},"7":{"loc":{"start":{"line":29,"column":2},"end":{"line":31,"column":null}},"type":"if","locations":[{"start":{"line":29,"column":2},"end":{"line":31,"column":null}},{"start":{},"end":{}}],"line":29},"8":{"loc":{"start":{"line":34,"column":2},"end":{"line":36,"column":null}},"type":"if","locations":[{"start":{"line":34,"column":2},"end":{"line":36,"column":null}},{"start":{},"end":{}}],"line":34},"9":{"loc":{"start":{"line":34,"column":6},"end":{"line":34,"column":52}},"type":"binary-expr","locations":[{"start":{"line":34,"column":6},"end":{"line":34,"column":27}},{"start":{"line":34,"column":31},"end":{"line":34,"column":52}}],"line":34},"10":{"loc":{"start":{"line":39,"column":2},"end":{"line":47,"column":null}},"type":"if","locations":[{"start":{"line":39,"column":2},"end":{"line":47,"column":null}},{"start":{},"end":{}}],"line":39},"11":{"loc":{"start":{"line":41,"column":4},"end":{"line":46,"column":null}},"type":"if","locations":[{"start":{"line":41,"column":4},"end":{"line":46,"column":null}},{"start":{"line":44,"column":11},"end":{"line":46,"column":null}}],"line":41},"12":{"loc":{"start":{"line":44,"column":11},"end":{"line":46,"column":null}},"type":"if","locations":[{"start":{"line":44,"column":11},"end":{"line":46,"column":null}},{"start":{},"end":{}}],"line":44},"13":{"loc":{"start":{"line":49,"column":2},"end":{"line":51,"column":null}},"type":"if","locations":[{"start":{"line":49,"column":2},"end":{"line":51,"column":null}},{"start":{},"end":{}}],"line":49}},"s":{"0":10,"1":1,"2":9,"3":9,"4":2,"5":7,"6":2,"7":9,"8":1,"9":8,"10":7,"11":9,"12":1,"13":9,"14":4,"15":9,"16":1,"17":1,"18":1,"19":1,"20":0,"21":0,"22":9,"23":0,"24":9},"f":{"0":10},"b":{"0":[10],"1":[1,9],"2":[10,9],"3":[2,7],"4":[2,5],"5":[1,8],"6":[7,1],"7":[1,8],"8":[4,5],"9":[9,8],"10":[1,8],"11":[1,0],"12":[0,0],"13":[0,9]},"meta":{"lastBranch":14,"lastFunction":1,"lastStatement":25,"seen":{"f:7:16:7:32":0,"b:7:56:7:58":0,"b:8:2:10:Infinity:undefined:undefined:undefined:undefined":1,"s:8:2:10:Infinity":0,"b:8:6:8:18:8:22:8:59":2,"s:9:4:9:Infinity":1,"s:12:19:12:21":2,"b:15:2:19:Infinity:17:9:19:Infinity":3,"s:15:2:19:Infinity":3,"s:16:4:16:Infinity":4,"b:17:9:19:Infinity:undefined:undefined:undefined:undefined":4,"s:17:9:19:Infinity":5,"s:18:4:18:Infinity":6,"b:22:2:26:Infinity:24:9:26:Infinity":5,"s:22:2:26:Infinity":7,"s:23:4:23:Infinity":8,"b:24:9:26:Infinity:undefined:undefined:undefined:undefined":6,"s:24:9:26:Infinity":9,"s:25:4:25:Infinity":10,"b:29:2:31:Infinity:undefined:undefined:undefined:undefined":7,"s:29:2:31:Infinity":11,"s:30:4:30:Infinity":12,"b:34:2:36:Infinity:undefined:undefined:undefined:undefined":8,"s:34:2:36:Infinity":13,"b:34:6:34:27:34:31:34:52":9,"s:35:4:35:Infinity":14,"b:39:2:47:Infinity:undefined:undefined:undefined:undefined":10,"s:39:2:47:Infinity":15,"s:40:27:40:54":16,"b:41:4:46:Infinity:44:11:46:Infinity":11,"s:41:4:46:Infinity":17,"s:42:19:42:72":18,"s:43:6:43:Infinity":19,"b:44:11:46:Infinity:undefined:undefined:undefined:undefined":12,"s:44:11:46:Infinity":20,"s:45:6:45:Infinity":21,"b:49:2:51:Infinity:undefined:undefined:undefined:undefined":13,"s:49:2:51:Infinity":22,"s:50:4:50:Infinity":23,"s:53:2:53:Infinity":24},"fnNames":{}}}
,"C:\\Users\\anupo\\.gemini\\antigravity\\scratch\\carbon-assistant\\src\\ui\\dashboard.js": {"path":"C:\\Users\\anupo\\.gemini\\antigravity\\scratch\\carbon-assistant\\src\\ui\\dashboard.js","statementMap":{"0":{"start":{"line":6,"column":2},"end":{"line":77,"column":null}},"1":{"start":{"line":7,"column":21},"end":{"line":7,"column":55}},"2":{"start":{"line":8,"column":18},"end":{"line":8,"column":60}},"3":{"start":{"line":9,"column":25},"end":{"line":9,"column":65}},"4":{"start":{"line":10,"column":25},"end":{"line":10,"column":63}},"5":{"start":{"line":11,"column":25},"end":{"line":11,"column":65}},"6":{"start":{"line":12,"column":25},"end":{"line":12,"column":65}},"7":{"start":{"line":13,"column":20},"end":{"line":13,"column":55}},"8":{"start":{"line":14,"column":22},"end":{"line":14,"column":59}},"9":{"start":{"line":15,"column":28},"end":{"line":15,"column":72}},"10":{"start":{"line":18,"column":4},"end":{"line":36,"column":null}},"11":{"start":{"line":19,"column":6},"end":{"line":35,"column":null}},"12":{"start":{"line":20,"column":8},"end":{"line":20,"column":null}},"13":{"start":{"line":21,"column":25},"end":{"line":21,"column":63}},"14":{"start":{"line":23,"column":8},"end":{"line":23,"column":null}},"15":{"start":{"line":23,"column":32},"end":{"line":23,"column":60}},"16":{"start":{"line":24,"column":8},"end":{"line":24,"column":null}},"17":{"start":{"line":26,"column":8},"end":{"line":34,"column":null}},"18":{"start":{"line":27,"column":10},"end":{"line":33,"column":null}},"19":{"start":{"line":28,"column":12},"end":{"line":28,"column":null}},"20":{"start":{"line":29,"column":12},"end":{"line":29,"column":null}},"21":{"start":{"line":29,"column":36},"end":{"line":29,"column":64}},"22":{"start":{"line":31,"column":12},"end":{"line":31,"column":null}},"23":{"start":{"line":32,"column":12},"end":{"line":32,"column":null}},"24":{"start":{"line":39,"column":4},"end":{"line":44,"column":null}},"25":{"start":{"line":40,"column":6},"end":{"line":43,"column":null}},"26":{"start":{"line":41,"column":7},"end":{"line":41,"column":null}},"27":{"start":{"line":42,"column":8},"end":{"line":42,"column":null}},"28":{"start":{"line":47,"column":4},"end":{"line":71,"column":null}},"29":{"start":{"line":48,"column":6},"end":{"line":70,"column":null}},"30":{"start":{"line":49,"column":8},"end":{"line":49,"column":null}},"31":{"start":{"line":51,"column":30},"end":{"line":51,"column":78}},"32":{"start":{"line":52,"column":30},"end":{"line":52,"column":78}},"33":{"start":{"line":53,"column":25},"end":{"line":53,"column":63}},"34":{"start":{"line":54,"column":28},"end":{"line":54,"column":68}},"35":{"start":{"line":56,"column":29},"end":{"line":61,"column":9}},"36":{"start":{"line":63,"column":7},"end":{"line":63,"column":null}},"37":{"start":{"line":64,"column":8},"end":{"line":64,"column":null}},"38":{"start":{"line":66,"column":30},"end":{"line":66,"column":80}},"39":{"start":{"line":67,"column":8},"end":{"line":67,"column":null}},"40":{"start":{"line":67,"column":27},"end":{"line":67,"column":null}},"41":{"start":{"line":69,"column":8},"end":{"line":69,"column":null}},"42":{"start":{"line":74,"column":4},"end":{"line":74,"column":null}},"43":{"start":{"line":81,"column":2},"end":{"line":81,"column":null}},"44":{"start":{"line":81,"column":81},"end":{"line":81,"column":null}},"45":{"start":{"line":83,"column":21},"end":{"line":83,"column":89}},"46":{"start":{"line":84,"column":17},"end":{"line":84,"column":30}},"47":{"start":{"line":86,"column":2},"end":{"line":86,"column":null}},"48":{"start":{"line":88,"column":19},"end":{"line":88,"column":58}},"49":{"start":{"line":89,"column":2},"end":{"line":103,"column":null}},"50":{"start":{"line":90,"column":4},"end":{"line":102,"column":null}},"51":{"start":{"line":91,"column":6},"end":{"line":91,"column":null}},"52":{"start":{"line":92,"column":6},"end":{"line":92,"column":null}},"53":{"start":{"line":93,"column":11},"end":{"line":102,"column":null}},"54":{"start":{"line":94,"column":6},"end":{"line":94,"column":null}},"55":{"start":{"line":95,"column":6},"end":{"line":95,"column":null}},"56":{"start":{"line":96,"column":11},"end":{"line":102,"column":null}},"57":{"start":{"line":97,"column":6},"end":{"line":97,"column":null}},"58":{"start":{"line":98,"column":6},"end":{"line":98,"column":null}},"59":{"start":{"line":100,"column":6},"end":{"line":100,"column":null}},"60":{"start":{"line":101,"column":6},"end":{"line":101,"column":null}},"61":{"start":{"line":105,"column":23},"end":{"line":105,"column":25}},"62":{"start":{"line":106,"column":2},"end":{"line":106,"column":null}},"63":{"start":{"line":107,"column":2},"end":{"line":107,"column":null}},"64":{"start":{"line":108,"column":2},"end":{"line":108,"column":null}},"65":{"start":{"line":110,"column":18},"end":{"line":110,"column":57}},"66":{"start":{"line":112,"column":2},"end":{"line":114,"column":null}},"67":{"start":{"line":113,"column":4},"end":{"line":113,"column":null}},"68":{"start":{"line":116,"column":19},"end":{"line":116,"column":52}},"69":{"start":{"line":117,"column":2},"end":{"line":121,"column":null}},"70":{"start":{"line":118,"column":15},"end":{"line":118,"column":43}},"71":{"start":{"line":119,"column":4},"end":{"line":119,"column":null}},"72":{"start":{"line":120,"column":4},"end":{"line":120,"column":null}},"73":{"start":{"line":123,"column":2},"end":{"line":123,"column":null}},"74":{"start":{"line":127,"column":23},"end":{"line":127,"column":27}},"75":{"start":{"line":128,"column":15},"end":{"line":135,"column":3}},"76":{"start":{"line":129,"column":4},"end":{"line":129,"column":null}},"77":{"start":{"line":129,"column":25},"end":{"line":129,"column":null}},"78":{"start":{"line":130,"column":21},"end":{"line":130,"column":73}},"79":{"start":{"line":131,"column":4},"end":{"line":131,"column":null}},"80":{"start":{"line":132,"column":4},"end":{"line":134,"column":null}},"81":{"start":{"line":133,"column":6},"end":{"line":133,"column":null}},"82":{"start":{"line":136,"column":2},"end":{"line":136,"column":null}}},"fnMap":{"0":{"name":"initDashboard","decl":{"start":{"line":5,"column":16},"end":{"line":5,"column":29}},"loc":{"start":{"line":5,"column":32},"end":{"line":78,"column":null}},"line":5},"1":{"name":"(anonymous_1)","decl":{"start":{"line":18,"column":21},"end":{"line":18,"column":22}},"loc":{"start":{"line":18,"column":31},"end":{"line":36,"column":5}},"line":18},"2":{"name":"(anonymous_2)","decl":{"start":{"line":19,"column":37},"end":{"line":19,"column":38}},"loc":{"start":{"line":19,"column":44},"end":{"line":35,"column":7}},"line":19},"3":{"name":"(anonymous_3)","decl":{"start":{"line":23,"column":25},"end":{"line":23,"column":26}},"loc":{"start":{"line":23,"column":32},"end":{"line":23,"column":60}},"line":23},"4":{"name":"(anonymous_4)","decl":{"start":{"line":26,"column":22},"end":{"line":26,"column":23}},"loc":{"start":{"line":26,"column":32},"end":{"line":34,"column":9}},"line":26},"5":{"name":"(anonymous_5)","decl":{"start":{"line":29,"column":30},"end":{"line":29,"column":31}},"loc":{"start":{"line":29,"column":36},"end":{"line":29,"column":64}},"line":29},"6":{"name":"(anonymous_6)","decl":{"start":{"line":40,"column":48},"end":{"line":40,"column":49}},"loc":{"start":{"line":40,"column":54},"end":{"line":43,"column":7}},"line":40},"7":{"name":"(anonymous_7)","decl":{"start":{"line":48,"column":46},"end":{"line":48,"column":47}},"loc":{"start":{"line":48,"column":53},"end":{"line":70,"column":7}},"line":48},"8":{"name":"updateDashboard","decl":{"start":{"line":80,"column":16},"end":{"line":80,"column":31}},"loc":{"start":{"line":80,"column":94},"end":{"line":124,"column":null}},"line":80},"9":{"name":"(anonymous_9)","decl":{"start":{"line":117,"column":19},"end":{"line":117,"column":20}},"loc":{"start":{"line":117,"column":36},"end":{"line":121,"column":3}},"line":117},"10":{"name":"animateValue","decl":{"start":{"line":126,"column":9},"end":{"line":126,"column":21}},"loc":{"start":{"line":126,"column":49},"end":{"line":137,"column":null}},"line":126},"11":{"name":"(anonymous_11)","decl":{"start":{"line":128,"column":15},"end":{"line":128,"column":16}},"loc":{"start":{"line":128,"column":30},"end":{"line":135,"column":3}},"line":128}},"branchMap":{"0":{"loc":{"start":{"line":27,"column":10},"end":{"line":33,"column":null}},"type":"if","locations":[{"start":{"line":27,"column":10},"end":{"line":33,"column":null}},{"start":{"line":30,"column":17},"end":{"line":33,"column":null}}],"line":27},"1":{"loc":{"start":{"line":39,"column":4},"end":{"line":44,"column":null}},"type":"if","locations":[{"start":{"line":39,"column":4},"end":{"line":44,"column":null}},{"start":{},"end":{}}],"line":39},"2":{"loc":{"start":{"line":47,"column":4},"end":{"line":71,"column":null}},"type":"if","locations":[{"start":{"line":47,"column":4},"end":{"line":71,"column":null}},{"start":{},"end":{}}],"line":47},"3":{"loc":{"start":{"line":67,"column":8},"end":{"line":67,"column":null}},"type":"if","locations":[{"start":{"line":67,"column":8},"end":{"line":67,"column":null}},{"start":{},"end":{}}],"line":67},"4":{"loc":{"start":{"line":81,"column":2},"end":{"line":81,"column":null}},"type":"if","locations":[{"start":{"line":81,"column":2},"end":{"line":81,"column":null}},{"start":{},"end":{}}],"line":81},"5":{"loc":{"start":{"line":81,"column":6},"end":{"line":81,"column":79}},"type":"binary-expr","locations":[{"start":{"line":81,"column":6},"end":{"line":81,"column":19}},{"start":{"line":81,"column":23},"end":{"line":81,"column":36}},{"start":{"line":81,"column":40},"end":{"line":81,"column":48}},{"start":{"line":81,"column":52},"end":{"line":81,"column":62}},{"start":{"line":81,"column":66},"end":{"line":81,"column":79}}],"line":81},"6":{"loc":{"start":{"line":83,"column":21},"end":{"line":83,"column":89}},"type":"binary-expr","locations":[{"start":{"line":83,"column":21},"end":{"line":83,"column":39}},{"start":{"line":83,"column":43},"end":{"line":83,"column":89}}],"line":83},"7":{"loc":{"start":{"line":86,"column":29},"end":{"line":86,"column":70}},"type":"binary-expr","locations":[{"start":{"line":86,"column":29},"end":{"line":86,"column":65}},{"start":{"line":86,"column":69},"end":{"line":86,"column":70}}],"line":86},"8":{"loc":{"start":{"line":89,"column":2},"end":{"line":103,"column":null}},"type":"if","locations":[{"start":{"line":89,"column":2},"end":{"line":103,"column":null}},{"start":{},"end":{}}],"line":89},"9":{"loc":{"start":{"line":90,"column":4},"end":{"line":102,"column":null}},"type":"if","locations":[{"start":{"line":90,"column":4},"end":{"line":102,"column":null}},{"start":{"line":93,"column":11},"end":{"line":102,"column":null}}],"line":90},"10":{"loc":{"start":{"line":93,"column":11},"end":{"line":102,"column":null}},"type":"if","locations":[{"start":{"line":93,"column":11},"end":{"line":102,"column":null}},{"start":{"line":96,"column":11},"end":{"line":102,"column":null}}],"line":93},"11":{"loc":{"start":{"line":96,"column":11},"end":{"line":102,"column":null}},"type":"if","locations":[{"start":{"line":96,"column":11},"end":{"line":102,"column":null}},{"start":{"line":99,"column":11},"end":{"line":102,"column":null}}],"line":96},"12":{"loc":{"start":{"line":129,"column":4},"end":{"line":129,"column":null}},"type":"if","locations":[{"start":{"line":129,"column":4},"end":{"line":129,"column":null}},{"start":{},"end":{}}],"line":129},"13":{"loc":{"start":{"line":132,"column":4},"end":{"line":134,"column":null}},"type":"if","locations":[{"start":{"line":132,"column":4},"end":{"line":134,"column":null}},{"start":{},"end":{}}],"line":132}},"s":{"0":3,"1":3,"2":3,"3":3,"4":3,"5":3,"6":3,"7":3,"8":3,"9":3,"10":3,"11":6,"12":2,"13":2,"14":2,"15":4,"16":2,"17":2,"18":4,"19":2,"20":2,"21":2,"22":2,"23":2,"24":3,"25":3,"26":1,"27":1,"28":3,"29":3,"30":1,"31":1,"32":1,"33":1,"34":1,"35":1,"36":1,"37":1,"38":1,"39":1,"40":1,"41":1,"42":3,"43":6,"44":1,"45":5,"46":6,"47":6,"48":6,"49":6,"50":5,"51":4,"52":4,"53":1,"54":1,"55":1,"56":0,"57":0,"58":0,"59":0,"60":0,"61":5,"62":5,"63":5,"64":5,"65":5,"66":5,"67":2,"68":5,"69":5,"70":6,"71":6,"72":6,"73":5,"74":5,"75":5,"76":10,"77":5,"78":10,"79":10,"80":10,"81":5,"82":5},"f":{"0":3,"1":6,"2":2,"3":4,"4":4,"5":2,"6":1,"7":1,"8":6,"9":6,"10":5,"11":10},"b":{"0":[2,2],"1":[3,0],"2":[3,0],"3":[1,0],"4":[1,5],"5":[6,5,5,5,5],"6":[5,4],"7":[6,5],"8":[5,1],"9":[4,1],"10":[1,0],"11":[0,0],"12":[5,5],"13":[5,5]},"meta":{"lastBranch":14,"lastFunction":12,"lastStatement":83,"seen":{"f:5:16:5:29":0,"s:6:2:77:Infinity":0,"s:7:21:7:55":1,"s:8:18:8:60":2,"s:9:25:9:65":3,"s:10:25:10:63":4,"s:11:25:11:65":5,"s:12:25:12:65":6,"s:13:20:13:55":7,"s:14:22:14:59":8,"s:15:28:15:72":9,"s:18:4:36:Infinity":10,"f:18:21:18:22":1,"s:19:6:35:Infinity":11,"f:19:37:19:38":2,"s:20:8:20:Infinity":12,"s:21:25:21:63":13,"s:23:8:23:Infinity":14,"f:23:25:23:26":3,"s:23:32:23:60":15,"s:24:8:24:Infinity":16,"s:26:8:34:Infinity":17,"f:26:22:26:23":4,"b:27:10:33:Infinity:30:17:33:Infinity":0,"s:27:10:33:Infinity":18,"s:28:12:28:Infinity":19,"s:29:12:29:Infinity":20,"f:29:30:29:31":5,"s:29:36:29:64":21,"s:31:12:31:Infinity":22,"s:32:12:32:Infinity":23,"b:39:4:44:Infinity:undefined:undefined:undefined:undefined":1,"s:39:4:44:Infinity":24,"s:40:6:43:Infinity":25,"f:40:48:40:49":6,"s:41:7:41:Infinity":26,"s:42:8:42:Infinity":27,"b:47:4:71:Infinity:undefined:undefined:undefined:undefined":2,"s:47:4:71:Infinity":28,"s:48:6:70:Infinity":29,"f:48:46:48:47":7,"s:49:8:49:Infinity":30,"s:51:30:51:78":31,"s:52:30:52:78":32,"s:53:25:53:63":33,"s:54:28:54:68":34,"s:56:29:61:9":35,"s:63:7:63:Infinity":36,"s:64:8:64:Infinity":37,"s:66:30:66:80":38,"b:67:8:67:Infinity:undefined:undefined:undefined:undefined":3,"s:67:8:67:Infinity":39,"s:67:27:67:Infinity":40,"s:69:8:69:Infinity":41,"s:74:4:74:Infinity":42,"f:80:16:80:31":8,"b:81:2:81:Infinity:undefined:undefined:undefined:undefined":4,"s:81:2:81:Infinity":43,"b:81:6:81:19:81:23:81:36:81:40:81:48:81:52:81:62:81:66:81:79":5,"s:81:81:81:Infinity":44,"s:83:21:83:89":45,"b:83:21:83:39:83:43:83:89":6,"s:84:17:84:30":46,"s:86:2:86:Infinity":47,"b:86:29:86:65:86:69:86:70":7,"s:88:19:88:58":48,"b:89:2:103:Infinity:undefined:undefined:undefined:undefined":8,"s:89:2:103:Infinity":49,"b:90:4:102:Infinity:93:11:102:Infinity":9,"s:90:4:102:Infinity":50,"s:91:6:91:Infinity":51,"s:92:6:92:Infinity":52,"b:93:11:102:Infinity:96:11:102:Infinity":10,"s:93:11:102:Infinity":53,"s:94:6:94:Infinity":54,"s:95:6:95:Infinity":55,"b:96:11:102:Infinity:99:11:102:Infinity":11,"s:96:11:102:Infinity":56,"s:97:6:97:Infinity":57,"s:98:6:98:Infinity":58,"s:100:6:100:Infinity":59,"s:101:6:101:Infinity":60,"s:105:23:105:25":61,"s:106:2:106:Infinity":62,"s:107:2:107:Infinity":63,"s:108:2:108:Infinity":64,"s:110:18:110:57":65,"s:112:2:114:Infinity":66,"s:113:4:113:Infinity":67,"s:116:19:116:52":68,"s:117:2:121:Infinity":69,"f:117:19:117:20":9,"s:118:15:118:43":70,"s:119:4:119:Infinity":71,"s:120:4:120:Infinity":72,"s:123:2:123:Infinity":73,"f:126:9:126:21":10,"s:127:23:127:27":74,"s:128:15:135:3":75,"f:128:15:128:16":11,"b:129:4:129:Infinity:undefined:undefined:undefined:undefined":12,"s:129:4:129:Infinity":76,"s:129:25:129:Infinity":77,"s:130:21:130:73":78,"s:131:4:131:Infinity":79,"b:132:4:134:Infinity:undefined:undefined:undefined:undefined":13,"s:132:4:134:Infinity":80,"s:133:6:133:Infinity":81,"s:136:2:136:Infinity":82},"fnNames":{}}}
,"C:\\Users\\anupo\\.gemini\\antigravity\\scratch\\carbon-assistant\\src\\utils\\storage.js": {"path":"C:\\Users\\anupo\\.gemini\\antigravity\\scratch\\carbon-assistant\\src\\utils\\storage.js","statementMap":{"0":{"start":{"line":5,"column":20},"end":{"line":5,"column":38}},"1":{"start":{"line":12,"column":2},"end":{"line":18,"column":null}},"2":{"start":{"line":13,"column":17},"end":{"line":13,"column":50}},"3":{"start":{"line":14,"column":4},"end":{"line":14,"column":null}},"4":{"start":{"line":17,"column":4},"end":{"line":17,"column":null}},"5":{"start":{"line":26,"column":2},"end":{"line":40,"column":null}},"6":{"start":{"line":27,"column":20},"end":{"line":27,"column":32}},"7":{"start":{"line":28,"column":22},"end":{"line":31,"column":5}},"8":{"start":{"line":33,"column":4},"end":{"line":33,"column":null}},"9":{"start":{"line":35,"column":4},"end":{"line":35,"column":null}},"10":{"start":{"line":35,"column":29},"end":{"line":35,"column":null}},"11":{"start":{"line":37,"column":4},"end":{"line":37,"column":null}},"12":{"start":{"line":48,"column":18},"end":{"line":48,"column":30}},"13":{"start":{"line":49,"column":2},"end":{"line":49,"column":null}},"14":{"start":{"line":56,"column":2},"end":{"line":60,"column":null}},"15":{"start":{"line":57,"column":4},"end":{"line":57,"column":null}}},"fnMap":{"0":{"name":"getHistory","decl":{"start":{"line":11,"column":16},"end":{"line":11,"column":26}},"loc":{"start":{"line":11,"column":29},"end":{"line":19,"column":null}},"line":11},"1":{"name":"saveToHistory","decl":{"start":{"line":25,"column":16},"end":{"line":25,"column":29}},"loc":{"start":{"line":25,"column":45},"end":{"line":41,"column":null}},"line":25},"2":{"name":"getLatestRecord","decl":{"start":{"line":47,"column":16},"end":{"line":47,"column":31}},"loc":{"start":{"line":47,"column":34},"end":{"line":50,"column":null}},"line":47},"3":{"name":"clearHistory","decl":{"start":{"line":55,"column":16},"end":{"line":55,"column":28}},"loc":{"start":{"line":55,"column":31},"end":{"line":61,"column":null}},"line":55}},"branchMap":{"0":{"loc":{"start":{"line":14,"column":11},"end":{"line":14,"column":39}},"type":"cond-expr","locations":[{"start":{"line":14,"column":18},"end":{"line":14,"column":34}},{"start":{"line":14,"column":37},"end":{"line":14,"column":39}}],"line":14},"1":{"loc":{"start":{"line":35,"column":4},"end":{"line":35,"column":null}},"type":"if","locations":[{"start":{"line":35,"column":4},"end":{"line":35,"column":null}},{"start":{},"end":{}}],"line":35},"2":{"loc":{"start":{"line":49,"column":9},"end":{"line":49,"column":64}},"type":"cond-expr","locations":[{"start":{"line":49,"column":30},"end":{"line":49,"column":57}},{"start":{"line":49,"column":60},"end":{"line":49,"column":64}}],"line":49}},"s":{"0":2,"1":57,"2":57,"3":57,"4":1,"5":40,"6":40,"7":40,"8":40,"9":40,"10":5,"11":40,"12":7,"13":7,"14":7,"15":7},"f":{"0":57,"1":40,"2":7,"3":7},"b":{"0":[41,16],"1":[5,35],"2":[2,5]},"meta":{"lastBranch":3,"lastFunction":4,"lastStatement":16,"seen":{"s:5:20:5:38":0,"f:11:16:11:26":0,"s:12:2:18:Infinity":1,"s:13:17:13:50":2,"s:14:4:14:Infinity":3,"b:14:18:14:34:14:37:14:39":0,"s:17:4:17:Infinity":4,"f:25:16:25:29":1,"s:26:2:40:Infinity":5,"s:27:20:27:32":6,"s:28:22:31:5":7,"s:33:4:33:Infinity":8,"b:35:4:35:Infinity:undefined:undefined:undefined:undefined":1,"s:35:4:35:Infinity":9,"s:35:29:35:Infinity":10,"s:37:4:37:Infinity":11,"f:47:16:47:31":2,"s:48:18:48:30":12,"s:49:2:49:Infinity":13,"b:49:30:49:57:49:60:49:64":2,"f:55:16:55:28":3,"s:56:2:60:Infinity":14,"s:57:4:57:Infinity":15},"fnNames":{}}}
}
